2024-08-25 17:45:59.825 [info] Added views:workbench.panel.markers.view in workbench.panel.markers
2024-08-25 17:45:59.825 [info] Added views:workbench.panel.output in workbench.panel.output
2024-08-25 17:45:59.825 [info] Added views:terminal in terminal
2024-08-25 17:45:59.825 [info] Added views:outline in workbench.view.explorer
2024-08-25 17:45:59.825 [info] Added views:workbench.scm in workbench.view.scm
2024-08-25 17:45:59.825 [info] Added views:workbench.view.search in workbench.view.search
2024-08-25 17:45:59.825 [info] Added views:timeline in workbench.view.explorer
2024-08-25 17:45:59.825 [info] Added views:workbench.explorer.emptyView in workbench.view.explorer
2024-08-25 17:45:59.895 [info] Added views:workbench.debug.variablesView,workbench.debug.watchExpressionsView,workbench.debug.callStackView,workbench.debug.breakPointsView in workbench.view.debug
2024-08-25 17:46:00.042 [info] Added views:~remote.forwardedPorts in ~remote.forwardedPortsContainer
2024-08-25 17:46:00.145 [info] Added views:workbench.panel.repl.view in workbench.panel.repl
2024-08-25 17:46:00.145 [info] Removed views:workbench.debug.breakPointsView,workbench.debug.callStackView,workbench.debug.watchExpressionsView,workbench.debug.variablesView from workbench.view.debug
2024-08-25 17:46:00.146 [info] Added views:workbench.debug.welcome in workbench.view.debug
2024-08-25 17:46:28.513 [info] Added views:workbench.views.profiles.import.preview in userDataProfiles
2024-08-25 17:49:34.067 [info] Removed views:extensions.recommendedList from workbench.view.extensions
2024-08-25 17:49:34.069 [info] Removed views:timeline,outline from workbench.view.explorer
2024-08-25 17:49:34.123 [info] Added views:thunder-client-sidebar in workbench.view.extension.thunder-client
2024-08-25 17:49:34.136 [info] Removed views:thunder-client-sidebar from workbench.view.extension.thunder-client
2024-08-25 17:49:34.152 [info] Added views:thunder-client-sidebar in workbench.view.explorer
2024-08-25 17:49:34.160 [info] Removed views:thunder-client-sidebar from workbench.view.explorer
2024-08-25 17:49:34.401 [info] Removed views:workbench.views.profiles.import.preview from userDataProfiles
2024-08-25 17:49:34.407 [info] Removed views:workbench.panel.repl.view from workbench.panel.repl
2024-08-25 17:49:34.410 [info] Added views:workbench.panel.repl.view in workbench.panel.repl
2024-08-25 17:52:58.217 [info] Added views:workbench.views.extensions.installed,workbench.views.extensions.popular in workbench.view.extensions
2024-08-25 17:52:58.217 [info] Removed views:workbench.views.extensions.popular from workbench.view.extensions
